Using pre-set license
Built from '2021.3/staging' branch; Version is '2021.3.1f1 (3b70a0754835) revision 3895456'; Using compiler version '192829333'; Build Type 'Release'
OS: 'Windows 10  (10.0.19044) 64bit Professional' Language: 'en' Physical Memory: 32686 MB
BatchMode: 1, IsHumanControllingUs: 0, StartBugReporterOnCrash: 0, Is64bit: 1, IsPro: 1

COMMAND LINE ARGUMENTS:
C:\Program Files\Unity\Hub\Editor\2021.3.1f1\Editor\Unity.exe
-adb2
-batchMode
-noUpm
-name
AssetImportWorker0
-projectPath
C:/Users/Chantelle/Documents/GitHub/medicalroom
-logFile
Logs/AssetImportWorker0.log
-srvPort
64883
Successfully changed project path to: C:/Users/Chantelle/Documents/GitHub/medicalroom
C:/Users/Chantelle/Documents/GitHub/medicalroom
[UnityMemory] Configuration Parameters - Can be set up in boot.config
    "memorysetup-bucket-allocator-granularity=16"
    "memorysetup-bucket-allocator-bucket-count=8"
    "memorysetup-bucket-allocator-block-size=33554432"
    "memorysetup-bucket-allocator-block-count=8"
    "memorysetup-main-allocator-block-size=16777216"
    "memorysetup-thread-allocator-block-size=16777216"
    "memorysetup-gfx-main-allocator-block-size=16777216"
    "memorysetup-gfx-thread-allocator-block-size=16777216"
    "memorysetup-cache-allocator-block-size=4194304"
    "memorysetup-typetree-allocator-block-size=2097152"
    "memorysetup-profiler-bucket-allocator-granularity=16"
    "memorysetup-profiler-bucket-allocator-bucket-count=8"
    "memorysetup-profiler-bucket-allocator-block-size=33554432"
    "memorysetup-profiler-bucket-allocator-block-count=8"
    "memorysetup-profiler-allocator-block-size=16777216"
    "memorysetup-profiler-editor-allocator-block-size=1048576"
    "memorysetup-temp-allocator-size-main=16777216"
    "memorysetup-job-temp-allocator-block-size=2097152"
    "memorysetup-job-temp-allocator-block-size-background=1048576"
    "memorysetup-job-temp-allocator-reduction-small-platforms=262144"
    "memorysetup-temp-allocator-size-background-worker=32768"
    "memorysetup-temp-allocator-size-job-worker=262144"
    "memorysetup-temp-allocator-size-preload-manager=33554432"
    "memorysetup-temp-allocator-size-nav-mesh-worker=65536"
    "memorysetup-temp-allocator-size-audio-worker=65536"
    "memorysetup-temp-allocator-size-cloud-worker=32768"
    "memorysetup-temp-allocator-size-gi-baking-worker=262144"
    "memorysetup-temp-allocator-size-gfx=262144"
Refreshing native plugins compatible for Editor in 58.28 ms, found 3 plugins.
Preloading 0 native plugins for Editor in 0.00 ms.
Initialize engine version: 2021.3.1f1 (3b70a0754835)
[Subsystems] Discovering subsystems at path C:/Program Files/Unity/Hub/Editor/2021.3.1f1/Editor/Data/Resources/UnitySubsystems
[Subsystems] Discovering subsystems at path C:/Users/Chantelle/Documents/GitHub/medicalroom/Assets
GfxDevice: creating device client; threaded=0; jobified=0
Direct3D:
    Version:  Direct3D 11.0 [level 11.1]
    Renderer: Radeon RX 5500 XT (ID=0x7340)
    Vendor:   ATI
    VRAM:     8151 MB
    Driver:   30.0.15021.11005
Initialize mono
Mono path[0] = 'C:/Program Files/Unity/Hub/Editor/2021.3.1f1/Editor/Data/Managed'
Mono path[1] = 'C:/Program Files/Unity/Hub/Editor/2021.3.1f1/Editor/Data/MonoBleedingEdge/lib/mono/unityjit-win32'
Mono config path = 'C:/Program Files/Unity/Hub/Editor/2021.3.1f1/Editor/Data/MonoBleedingEdge/etc'
Using monoOptions --debugger-agent=transport=dt_socket,embedding=1,server=y,suspend=n,address=127.0.0.1:56352
Begin MonoManager ReloadAssembly
Registering precompiled unity dll's ...
Register platform support module: C:/Program Files/Unity/Hub/Editor/2021.3.1f1/Editor/Data/PlaybackEngines/WebGLSupport/UnityEditor.WebGL.Extensions.dll
Register platform support module: C:/Program Files/Unity/Hub/Editor/2021.3.1f1/Editor/Data/PlaybackEngines/WindowsStandaloneSupport/UnityEditor.WindowsStandalone.Extensions.dll
Registered in 0.006655 seconds.
Native extension for WindowsStandalone target not found
Native extension for WebGL target not found
Refreshing native plugins compatible for Editor in 59.70 ms, found 3 plugins.
Preloading 0 native plugins for Editor in 0.00 ms.
Mono: successfully reloaded assembly
- Completed reload, in  0.546 seconds
Domain Reload Profiling:
	ReloadAssembly (546ms)
		BeginReloadAssembly (61ms)
			ExecutionOrderSort (0ms)
			DisableScriptedObjects (0ms)
			BackupInstance (0ms)
			ReleaseScriptingObjects (0ms)
			CreateAndSetChildDomain (1ms)
		EndReloadAssembly (390ms)
			LoadAssemblies (59ms)
			RebuildTransferFunctionScriptingTraits (0ms)
			SetupTypeCache (96ms)
			ReleaseScriptCaches (0ms)
			RebuildScriptCaches (24ms)
			SetupLoadedEditorAssemblies (226ms)
				LogAssemblyErrors (0ms)
				InitializePlatformSupportModulesInManaged (8ms)
				SetLoadedEditorAssemblies (0ms)
				RefreshPlugins (60ms)
				BeforeProcessingInitializeOnLoad (1ms)
				ProcessInitializeOnLoadAttributes (118ms)
				ProcessInitializeOnLoadMethodAttributes (38ms)
				AfterProcessingInitializeOnLoad (0ms)
				EditorAssembliesLoaded (0ms)
			ExecutionOrderSort2 (0ms)
			AwakeInstancesAfterBackupRestoration (0ms)
Platform modules already initialized, skipping
Registering precompiled user dll's ...
Registered in 0.004119 seconds.
Begin MonoManager ReloadAssembly
Symbol file LoadedFromMemory doesn't match image C:\Users\Chantelle\Documents\GitHub\medicalroom\Library\PackageCache\com.unity.visualscripting@1.7.6\Editor\VisualScripting.Core\Dependencies\YamlDotNet\Unity.VisualScripting.YamlDotNet.dll
Symbol file LoadedFromMemory is not a mono symbol file
Symbol file LoadedFromMemory doesn't match image C:\Users\Chantelle\Documents\GitHub\medicalroom\Library\PackageCache\com.unity.visualscripting@1.7.6\Editor\VisualScripting.Core\Dependencies\DotNetZip\Unity.VisualScripting.IonicZip.dll
Native extension for WindowsStandalone target not found
Native extension for WebGL target not found
Refreshing native plugins compatible for Editor in 0.94 ms, found 3 plugins.
Preloading 0 native plugins for Editor in 0.00 ms.
Mono: successfully reloaded assembly
- Completed reload, in  0.873 seconds
Domain Reload Profiling:
	ReloadAssembly (874ms)
		BeginReloadAssembly (92ms)
			ExecutionOrderSort (0ms)
			DisableScriptedObjects (5ms)
			BackupInstance (0ms)
			ReleaseScriptingObjects (0ms)
			CreateAndSetChildDomain (15ms)
		EndReloadAssembly (683ms)
			LoadAssemblies (73ms)
			RebuildTransferFunctionScriptingTraits (0ms)
			SetupTypeCache (218ms)
			ReleaseScriptCaches (1ms)
			RebuildScriptCaches (42ms)
			SetupLoadedEditorAssemblies (315ms)
				LogAssemblyErrors (0ms)
				InitializePlatformSupportModulesInManaged (8ms)
				SetLoadedEditorAssemblies (1ms)
				RefreshPlugins (1ms)
				BeforeProcessingInitializeOnLoad (75ms)
				ProcessInitializeOnLoadAttributes (200ms)
				ProcessInitializeOnLoadMethodAttributes (22ms)
				AfterProcessingInitializeOnLoad (7ms)
				EditorAssembliesLoaded (0ms)
			ExecutionOrderSort2 (0ms)
			AwakeInstancesAfterBackupRestoration (5ms)
Platform modules already initialized, skipping
========================================================================
Worker process is ready to serve import requests
Launched and connected shader compiler UnityShaderCompiler.exe after 0.03 seconds
Refreshing native plugins compatible for Editor in 0.57 ms, found 3 plugins.
Preloading 0 native plugins for Editor in 0.00 ms.
Unloading 3225 Unused Serialized files (Serialized files now loaded: 0)
Unloading 21 unused Assets / (56.0 KB). Loaded Objects now: 3687.
Memory consumption went from 112.0 MB to 111.9 MB.
Total: 2.619300 ms (FindLiveObjects: 0.285100 ms CreateObjectMapping: 0.212700 ms MarkObjects: 2.056400 ms  DeleteObjects: 0.064100 ms)

AssetImportParameters requested are different than current active one (requested -> active):
  custom:video-decoder-ogg-theora: a1e56fd34408186e4bbccfd4996cb3dc -> 
  custom:container-muxer-webm: aa71ff27fc2769a1b78a27578f13a17b -> 
  custom:container-demuxer-webm: 4f35f7cbe854078d1ac9338744f61a02 -> 
  custom:video-encoder-webm-vp8: eb34c28f22e8b96e1ab97ce403110664 -> 
  custom:audio-encoder-webm-vorbis: bf7c407c2cedff20999df2af8eb42d56 -> 
  custom:framework-win-MediaFoundation: 216162199b28c13a410421893ffa2e32 -> 
  custom:container-demuxer-ogg: 62fdf1f143b41e24485cea50d1cbac27 -> 
  custom:video-decoder-webm-vp8: 9c59270c3fd7afecdb556c50c9e8de78 -> 
  custom:audio-decoder-ogg-vorbis: bf7c407c2cedff20999df2af8eb42d56 -> 
========================================================================
Received Import Request.
  Time since last request: 603988.409583 seconds.
  path: Assets/Models
  artifactKey: Guid(3f89790b1a57bc0439ff2d6b19e7bfe8) Importer(815301076,1909f56bfc062723c751e8b465ee728b)
Start importing Assets/Models using Guid(3f89790b1a57bc0439ff2d6b19e7bfe8) Importer(815301076,1909f56bfc062723c751e8b465ee728b)  -> (artifact id: 'ba57c5932800230cb19c0b015fb7c8e2') in 0.009072 seconds 
========================================================================
Received Import Request.
  Time since last request: 0.000022 seconds.
  path: Assets/Models/Key.fbx
  artifactKey: Guid(17cbb6bdd2d54b54c8fb718cc0085d3f) Importer(815301076,1909f56bfc062723c751e8b465ee728b)
Start importing Assets/Models/Key.fbx using Guid(17cbb6bdd2d54b54c8fb718cc0085d3f) Importer(815301076,1909f56bfc062723c751e8b465ee728b)  -> (artifact id: '332ec3c06c61d0227f32da9548e85e8b') in 0.313487 seconds 
========================================================================
Received Import Request.
  Time since last request: 0.000017 seconds.
  path: Assets/Models/Torch.fbx
  artifactKey: Guid(3fecd2a3d79eb3942947eb45fd4f59c1) Importer(815301076,1909f56bfc062723c751e8b465ee728b)
Start importing Assets/Models/Torch.fbx using Guid(3fecd2a3d79eb3942947eb45fd4f59c1) Importer(815301076,1909f56bfc062723c751e8b465ee728b)  -> (artifact id: 'ffb8c8c95dd355b3a0c434f605fc4ca5') in 0.021212 seconds 
========================================================================
Received Import Request.
  Time since last request: 7.699308 seconds.
  path: Assets/Fonts/Tox Typewriter.ttf
  artifactKey: Guid(a2ca7203e81d66b4abe9f3ea159295aa) Importer(815301076,1909f56bfc062723c751e8b465ee728b)
Start importing Assets/Fonts/Tox Typewriter.ttf using Guid(a2ca7203e81d66b4abe9f3ea159295aa) Importer(815301076,1909f56bfc062723c751e8b465ee728b)  -> (artifact id: '1848516ecb8a25cba6f5eaa231e8cf0a') in 0.023561 seconds 
========================================================================
Received Import Request.
  Time since last request: 1.420693 seconds.
  path: Assets/Audio/519065__angelkunev__door-unlock.wav
  artifactKey: Guid(8469cf6306e51b647afd53f470744b04) Importer(815301076,1909f56bfc062723c751e8b465ee728b)
Start importing Assets/Audio/519065__angelkunev__door-unlock.wav using Guid(8469cf6306e51b647afd53f470744b04) Importer(815301076,1909f56bfc062723c751e8b465ee728b)  -> (artifact id: 'e93e861eeb4c5f2cfb073d9162ce21bb') in 0.023490 seconds 
========================================================================
Received Import Request.
  Time since last request: 12.418835 seconds.
  path: Assets
  artifactKey: Guid(00000000000000001000000000000000) Importer(815301076,1909f56bfc062723c751e8b465ee728b)
Start importing Assets using Guid(00000000000000001000000000000000) Importer(815301076,1909f56bfc062723c751e8b465ee728b)  -> (artifact id: '79842766b460edbeab6a34051e857a80') in 0.005210 seconds 
========================================================================
Received Import Request.
  Time since last request: 3.929380 seconds.
  path: Assets/Textures
  artifactKey: Guid(58502712800beea48ab13ec4141f49cb) Importer(815301076,1909f56bfc062723c751e8b465ee728b)
Start importing Assets/Textures using Guid(58502712800beea48ab13ec4141f49cb) Importer(815301076,1909f56bfc062723c751e8b465ee728b)  -> (artifact id: '895183aecbab096669986734ef4b6c1f') in 0.005046 seconds 
========================================================================
Received Import Request.
  Time since last request: 10.525800 seconds.
  path: Assets/Textures/Battery UV map TEXTURED.png
  artifactKey: Guid(2dd26abe0157a8e4e8ef5dc15ebc438e) Importer(815301076,1909f56bfc062723c751e8b465ee728b)
Start importing Assets/Textures/Battery UV map TEXTURED.png using Guid(2dd26abe0157a8e4e8ef5dc15ebc438e) Importer(815301076,1909f56bfc062723c751e8b465ee728b)  -> (artifact id: 'aeb195a17f4ef865351622f738f5054d') in 0.032455 seconds 
========================================================================
Received Import Request.
  Time since last request: 5.669766 seconds.
  path: Assets/Materials
  artifactKey: Guid(4e916668d85fa6f478a6b6298ed24f23) Importer(815301076,1909f56bfc062723c751e8b465ee728b)
Start importing Assets/Materials using Guid(4e916668d85fa6f478a6b6298ed24f23) Importer(815301076,1909f56bfc062723c751e8b465ee728b)  -> (artifact id: '9a0fe71b98251c1efe83b603de654c6a') in 0.005424 seconds 
========================================================================
Received Import Request.
  Time since last request: 6.649796 seconds.
  path: Assets/Materials/Battery.mat
  artifactKey: Guid(658a57dccf971104caf6e09c62aa18f7) Importer(815301076,1909f56bfc062723c751e8b465ee728b)
Start importing Assets/Materials/Battery.mat using Guid(658a57dccf971104caf6e09c62aa18f7) Importer(815301076,1909f56bfc062723c751e8b465ee728b)  -> (artifact id: 'e86780d33085937703cbba60ffc1a979') in 0.013582 seconds 
========================================================================
Received Import Request.
  Time since last request: 5.005066 seconds.
  path: Assets/Materials/BatteryTexture.mat
  artifactKey: Guid(658a57dccf971104caf6e09c62aa18f7) Importer(815301076,1909f56bfc062723c751e8b465ee728b)
Start importing Assets/Materials/BatteryTexture.mat using Guid(658a57dccf971104caf6e09c62aa18f7) Importer(815301076,1909f56bfc062723c751e8b465ee728b)  -> (artifact id: '51f324601b60b50224a7a145a716dd82') in 0.010133 seconds 
========================================================================
Received Import Request.
  Time since last request: 6.315757 seconds.
  path: Assets/Materials/BatteryMaterial.mat
  artifactKey: Guid(658a57dccf971104caf6e09c62aa18f7) Importer(815301076,1909f56bfc062723c751e8b465ee728b)
Start importing Assets/Materials/BatteryMaterial.mat using Guid(658a57dccf971104caf6e09c62aa18f7) Importer(815301076,1909f56bfc062723c751e8b465ee728b)  -> (artifact id: 'eaae4d01678d8bb7e04e9089e18023f0') in 0.012406 seconds 
========================================================================
Received Import Request.
  Time since last request: 50.604579 seconds.
  path: Assets/Materials/BatteryMaterial 1.mat
  artifactKey: Guid(07fe1ee3f5a24dd4dbf330b748a2ae5d) Importer(815301076,1909f56bfc062723c751e8b465ee728b)
Start importing Assets/Materials/BatteryMaterial 1.mat using Guid(07fe1ee3f5a24dd4dbf330b748a2ae5d) Importer(815301076,1909f56bfc062723c751e8b465ee728b)  -> (artifact id: '8ce5e5aa1b501030c1b32142ee75a4dc') in 0.019039 seconds 
========================================================================
Received Import Request.
  Time since last request: 0.439607 seconds.
  path: Assets/Materials/BatteryMaterial 2.mat
  artifactKey: Guid(3ed00797bc426eb4a8ef3fe20c4a3ab1) Importer(815301076,1909f56bfc062723c751e8b465ee728b)
Start importing Assets/Materials/BatteryMaterial 2.mat using Guid(3ed00797bc426eb4a8ef3fe20c4a3ab1) Importer(815301076,1909f56bfc062723c751e8b465ee728b)  -> (artifact id: '671fe2c3aa26f756625442061b1f607f') in 0.016416 seconds 
========================================================================
Received Import Request.
  Time since last request: 10.878729 seconds.
  path: Assets/Materials/KeyMaterial.mat
  artifactKey: Guid(3ed00797bc426eb4a8ef3fe20c4a3ab1) Importer(815301076,1909f56bfc062723c751e8b465ee728b)
Start importing Assets/Materials/KeyMaterial.mat using Guid(3ed00797bc426eb4a8ef3fe20c4a3ab1) Importer(815301076,1909f56bfc062723c751e8b465ee728b)  -> (artifact id: '2fd8f95ecd1f3d05dd7949158220d535') in 0.018511 seconds 
========================================================================
Received Import Request.
  Time since last request: 7.264181 seconds.
  path: Assets/Materials/TorchMaterial.mat
  artifactKey: Guid(07fe1ee3f5a24dd4dbf330b748a2ae5d) Importer(815301076,1909f56bfc062723c751e8b465ee728b)
Start importing Assets/Materials/TorchMaterial.mat using Guid(07fe1ee3f5a24dd4dbf330b748a2ae5d) Importer(815301076,1909f56bfc062723c751e8b465ee728b)  -> (artifact id: '532ac49ea1dc4192376570a4c789112e') in 0.016501 seconds 
========================================================================
Received Import Request.
  Time since last request: 16.167389 seconds.
  path: Assets/Textures/Torch UV map TEXTURED.png
  artifactKey: Guid(b349f1fd282b64f4c9c4e85152f34c2b) Importer(815301076,1909f56bfc062723c751e8b465ee728b)
Start importing Assets/Textures/Torch UV map TEXTURED.png using Guid(b349f1fd282b64f4c9c4e85152f34c2b) Importer(815301076,1909f56bfc062723c751e8b465ee728b)  -> (artifact id: '1dd501c5eb9ce25c97677d0ff6b01b63') in 0.012760 seconds 
========================================================================
Received Import Request.
  Time since last request: 7.545261 seconds.
  path: Assets/Textures/Key UV map TEXTURED.png
  artifactKey: Guid(e7b0dfc82a9ad7e408dd3e5b4ce812cd) Importer(815301076,1909f56bfc062723c751e8b465ee728b)
Start importing Assets/Textures/Key UV map TEXTURED.png using Guid(e7b0dfc82a9ad7e408dd3e5b4ce812cd) Importer(815301076,1909f56bfc062723c751e8b465ee728b)  -> (artifact id: '3c1bdb4b6fbfe0240017003a20ffe73b') in 0.013721 seconds 
========================================================================
Received Import Request.
  Time since last request: 189.711257 seconds.
  path: Assets/Materials/KeyMaterial.mat
  artifactKey: Guid(3ed00797bc426eb4a8ef3fe20c4a3ab1) Importer(815301076,1909f56bfc062723c751e8b465ee728b)
Start importing Assets/Materials/KeyMaterial.mat using Guid(3ed00797bc426eb4a8ef3fe20c4a3ab1) Importer(815301076,1909f56bfc062723c751e8b465ee728b)  -> (artifact id: 'e1de0bb6a9a775b47debde159130af01') in 0.016119 seconds 
