Using pre-set license
Built from '2021.3/staging' branch; Version is '2021.3.1f1 (3b70a0754835) revision 3895456'; Using compiler version '192829333'; Build Type 'Release'
OS: 'Windows 10  (10.0.19044) 64bit Enterprise' Language: 'en' Physical Memory: 32699 MB
BatchMode: 1, IsHumanControllingUs: 0, StartBugReporterOnCrash: 0, Is64bit: 1, IsPro: 1

COMMAND LINE ARGUMENTS:
C:\Program Files\Unity 2021.3.1f1\Editor\Unity.exe
-adb2
-batchMode
-noUpm
-name
AssetImportWorker2
-projectPath
C:/Users/1027213/Documents/GitHub/medicalroom
-logFile
Logs/AssetImportWorker2.log
-srvPort
54055
Successfully changed project path to: C:/Users/1027213/Documents/GitHub/medicalroom
C:/Users/1027213/Documents/GitHub/medicalroom
[UnityMemory] Configuration Parameters - Can be set up in boot.config
    "memorysetup-bucket-allocator-granularity=16"
    "memorysetup-bucket-allocator-bucket-count=8"
    "memorysetup-bucket-allocator-block-size=33554432"
    "memorysetup-bucket-allocator-block-count=8"
    "memorysetup-main-allocator-block-size=16777216"
    "memorysetup-thread-allocator-block-size=16777216"
    "memorysetup-gfx-main-allocator-block-size=16777216"
    "memorysetup-gfx-thread-allocator-block-size=16777216"
    "memorysetup-cache-allocator-block-size=4194304"
    "memorysetup-typetree-allocator-block-size=2097152"
    "memorysetup-profiler-bucket-allocator-granularity=16"
    "memorysetup-profiler-bucket-allocator-bucket-count=8"
    "memorysetup-profiler-bucket-allocator-block-size=33554432"
    "memorysetup-profiler-bucket-allocator-block-count=8"
    "memorysetup-profiler-allocator-block-size=16777216"
    "memorysetup-profiler-editor-allocator-block-size=1048576"
    "memorysetup-temp-allocator-size-main=16777216"
    "memorysetup-job-temp-allocator-block-size=2097152"
    "memorysetup-job-temp-allocator-block-size-background=1048576"
    "memorysetup-job-temp-allocator-reduction-small-platforms=262144"
    "memorysetup-temp-allocator-size-background-worker=32768"
    "memorysetup-temp-allocator-size-job-worker=262144"
    "memorysetup-temp-allocator-size-preload-manager=33554432"
    "memorysetup-temp-allocator-size-nav-mesh-worker=65536"
    "memorysetup-temp-allocator-size-audio-worker=65536"
    "memorysetup-temp-allocator-size-cloud-worker=32768"
    "memorysetup-temp-allocator-size-gi-baking-worker=262144"
    "memorysetup-temp-allocator-size-gfx=262144"
Refreshing native plugins compatible for Editor in 57.40 ms, found 3 plugins.
Preloading 0 native plugins for Editor in 0.00 ms.
Initialize engine version: 2021.3.1f1 (3b70a0754835)
[Subsystems] Discovering subsystems at path C:/Program Files/Unity 2021.3.1f1/Editor/Data/Resources/UnitySubsystems
[Subsystems] Discovering subsystems at path C:/Users/1027213/Documents/GitHub/medicalroom/Assets
GfxDevice: creating device client; threaded=0; jobified=0
Direct3D:
    Version:  Direct3D 11.0 [level 11.1]
    Renderer: NVIDIA GeForce RTX 2060 (ID=0x1f08)
    Vendor:   NVIDIA
    VRAM:     5980 MB
    Driver:   27.21.14.5671
Initialize mono
Mono path[0] = 'C:/Program Files/Unity 2021.3.1f1/Editor/Data/Managed'
Mono path[1] = 'C:/Program Files/Unity 2021.3.1f1/Editor/Data/MonoBleedingEdge/lib/mono/unityjit-win32'
Mono config path = 'C:/Program Files/Unity 2021.3.1f1/Editor/Data/MonoBleedingEdge/etc'
Using monoOptions --debugger-agent=transport=dt_socket,embedding=1,server=y,suspend=n,address=127.0.0.1:56508
Begin MonoManager ReloadAssembly
Registering precompiled unity dll's ...
Register platform support module: C:/Program Files/Unity 2021.3.1f1/Editor/Data/PlaybackEngines/WebGLSupport/UnityEditor.WebGL.Extensions.dll
Register platform support module: C:/Program Files/Unity 2021.3.1f1/Editor/Data/PlaybackEngines/MacStandaloneSupport/UnityEditor.OSXStandalone.Extensions.dll
Register platform support module: C:/Program Files/Unity 2021.3.1f1/Editor/Data/PlaybackEngines/AndroidPlayer/UnityEditor.Android.Extensions.dll
Register platform support module: C:/Program Files/Unity 2021.3.1f1/Editor/Data/PlaybackEngines/iOSSupport/UnityEditor.iOS.Extensions.dll
Register platform support module: C:/Program Files/Unity 2021.3.1f1/Editor/Data/PlaybackEngines/WindowsStandaloneSupport/UnityEditor.WindowsStandalone.Extensions.dll
Register platform support module: C:/Program Files/Unity 2021.3.1f1/Editor/Data/PlaybackEngines/LinuxStandaloneSupport/UnityEditor.LinuxStandalone.Extensions.dll
Registered in 0.006250 seconds.
Native extension for LinuxStandalone target not found
Native extension for WindowsStandalone target not found
[usbmuxd] Start listen thread
[usbmuxd] Listen thread started
Native extension for iOS target not found
Native extension for Android target not found
Native extension for OSXStandalone target not found
Native extension for WebGL target not found
Refreshing native plugins compatible for Editor in 60.41 ms, found 3 plugins.
Preloading 0 native plugins for Editor in 0.00 ms.
Mono: successfully reloaded assembly
- Completed reload, in  0.554 seconds
Domain Reload Profiling:
	ReloadAssembly (555ms)
		BeginReloadAssembly (58ms)
			ExecutionOrderSort (0ms)
			DisableScriptedObjects (0ms)
			BackupInstance (0ms)
			ReleaseScriptingObjects (0ms)
			CreateAndSetChildDomain (1ms)
		EndReloadAssembly (404ms)
			LoadAssemblies (57ms)
			RebuildTransferFunctionScriptingTraits (0ms)
			SetupTypeCache (92ms)
			ReleaseScriptCaches (0ms)
			RebuildScriptCaches (24ms)
			SetupLoadedEditorAssemblies (247ms)
				LogAssemblyErrors (0ms)
				InitializePlatformSupportModulesInManaged (52ms)
				SetLoadedEditorAssemblies (0ms)
				RefreshPlugins (60ms)
				BeforeProcessingInitializeOnLoad (1ms)
				ProcessInitializeOnLoadAttributes (97ms)
				ProcessInitializeOnLoadMethodAttributes (36ms)
				AfterProcessingInitializeOnLoad (0ms)
				EditorAssembliesLoaded (0ms)
			ExecutionOrderSort2 (0ms)
			AwakeInstancesAfterBackupRestoration (0ms)
Platform modules already initialized, skipping
Registering precompiled user dll's ...
Registered in 0.003528 seconds.
Begin MonoManager ReloadAssembly
Symbol file LoadedFromMemory doesn't match image C:\Users\1027213\Documents\GitHub\medicalroom\Library\PackageCache\com.unity.visualscripting@1.7.6\Editor\VisualScripting.Core\Dependencies\YamlDotNet\Unity.VisualScripting.YamlDotNet.dll
Symbol file LoadedFromMemory is not a mono symbol file
Symbol file LoadedFromMemory doesn't match image C:\Users\1027213\Documents\GitHub\medicalroom\Library\PackageCache\com.unity.visualscripting@1.7.6\Editor\VisualScripting.Core\Dependencies\DotNetZip\Unity.VisualScripting.IonicZip.dll
Native extension for LinuxStandalone target not found
Native extension for WindowsStandalone target not found
Native extension for iOS target not found
Native extension for Android target not found
Native extension for OSXStandalone target not found
Native extension for WebGL target not found
Refreshing native plugins compatible for Editor in 0.43 ms, found 3 plugins.
Preloading 0 native plugins for Editor in 0.00 ms.
Mono: successfully reloaded assembly
- Completed reload, in  0.841 seconds
Domain Reload Profiling:
	ReloadAssembly (842ms)
		BeginReloadAssembly (92ms)
			ExecutionOrderSort (0ms)
			DisableScriptedObjects (5ms)
			BackupInstance (0ms)
			ReleaseScriptingObjects (0ms)
			CreateAndSetChildDomain (15ms)
		EndReloadAssembly (654ms)
			LoadAssemblies (69ms)
			RebuildTransferFunctionScriptingTraits (0ms)
			SetupTypeCache (218ms)
			ReleaseScriptCaches (1ms)
			RebuildScriptCaches (41ms)
			SetupLoadedEditorAssemblies (294ms)
				LogAssemblyErrors (0ms)
				InitializePlatformSupportModulesInManaged (24ms)
				SetLoadedEditorAssemblies (0ms)
				RefreshPlugins (0ms)
				BeforeProcessingInitializeOnLoad (63ms)
				ProcessInitializeOnLoadAttributes (179ms)
				ProcessInitializeOnLoadMethodAttributes (21ms)
				AfterProcessingInitializeOnLoad (7ms)
				EditorAssembliesLoaded (0ms)
			ExecutionOrderSort2 (0ms)
			AwakeInstancesAfterBackupRestoration (5ms)
Platform modules already initialized, skipping
========================================================================
Worker process is ready to serve import requests
Launched and connected shader compiler UnityShaderCompiler.exe after 0.03 seconds
Refreshing native plugins compatible for Editor in 0.45 ms, found 3 plugins.
Preloading 0 native plugins for Editor in 0.00 ms.
Unloading 3225 Unused Serialized files (Serialized files now loaded: 0)
Unloading 21 unused Assets / (56.1 KB). Loaded Objects now: 3690.
Memory consumption went from 112.4 MB to 112.4 MB.
Total: 2.606200 ms (FindLiveObjects: 0.243900 ms CreateObjectMapping: 0.154000 ms MarkObjects: 2.154600 ms  DeleteObjects: 0.052800 ms)

AssetImportParameters requested are different than current active one (requested -> active):
  custom:video-decoder-ogg-theora: a1e56fd34408186e4bbccfd4996cb3dc -> 
  custom:container-muxer-webm: aa71ff27fc2769a1b78a27578f13a17b -> 
  custom:container-demuxer-webm: 4f35f7cbe854078d1ac9338744f61a02 -> 
  custom:video-encoder-webm-vp8: eb34c28f22e8b96e1ab97ce403110664 -> 
  custom:audio-encoder-webm-vorbis: bf7c407c2cedff20999df2af8eb42d56 -> 
  custom:framework-win-MediaFoundation: 216162199b28c13a410421893ffa2e32 -> 
  custom:container-demuxer-ogg: 62fdf1f143b41e24485cea50d1cbac27 -> 
  custom:video-decoder-webm-vp8: 9c59270c3fd7afecdb556c50c9e8de78 -> 
  custom:audio-decoder-ogg-vorbis: bf7c407c2cedff20999df2af8eb42d56 -> 
========================================================================
Received Import Request.
  Time since last request: 8257.222581 seconds.
  path: Assets/Textures/Downloaded/TV
  artifactKey: Guid(df4426c2c9f98ea4d809947b7f9f1484) Importer(815301076,1909f56bfc062723c751e8b465ee728b)
Start importing Assets/Textures/Downloaded/TV using Guid(df4426c2c9f98ea4d809947b7f9f1484) Importer(815301076,1909f56bfc062723c751e8b465ee728b)  -> (artifact id: 'd80b0768d52392b9718c9f1785d47dd5') in 0.005471 seconds 
========================================================================
Received Import Request.
  Time since last request: 11.367136 seconds.
  path: Assets/Textures/Downloaded/TV/gltf_embedded_0.png
  artifactKey: Guid(fc00cf59fa28cd34090c890d314a9f9c) Importer(815301076,1909f56bfc062723c751e8b465ee728b)
Start importing Assets/Textures/Downloaded/TV/gltf_embedded_0.png using Guid(fc00cf59fa28cd34090c890d314a9f9c) Importer(815301076,1909f56bfc062723c751e8b465ee728b)  -> (artifact id: 'bd8179dd3dcb77d473d957f8cfb6c7b0') in 0.094802 seconds 
========================================================================
Received Import Request.
  Time since last request: 0.000014 seconds.
  path: Assets/Textures/Downloaded/TV/gltf_embedded_12@channels=B.png
  artifactKey: Guid(795cb5705fb8cd9499ed239af7452ce2) Importer(815301076,1909f56bfc062723c751e8b465ee728b)
Start importing Assets/Textures/Downloaded/TV/gltf_embedded_12@channels=B.png using Guid(795cb5705fb8cd9499ed239af7452ce2) Importer(815301076,1909f56bfc062723c751e8b465ee728b)  -> (artifact id: '02e42a1a2d764c253f68f372cd707d6a') in 0.019557 seconds 
========================================================================
Received Import Request.
  Time since last request: 0.000020 seconds.
  path: Assets/Textures/Downloaded/TV/gltf_embedded_1@channels=R.png
  artifactKey: Guid(f304acc9992881b48b8f12e1a251c4fe) Importer(815301076,1909f56bfc062723c751e8b465ee728b)
Start importing Assets/Textures/Downloaded/TV/gltf_embedded_1@channels=R.png using Guid(f304acc9992881b48b8f12e1a251c4fe) Importer(815301076,1909f56bfc062723c751e8b465ee728b)  -> (artifact id: '19ad21f1567a4b67f1935c9bb0fe1853') in 0.011863 seconds 
========================================================================
Received Import Request.
  Time since last request: 0.000013 seconds.
  path: Assets/Textures/Downloaded/TV/gltf_embedded_2.png
  artifactKey: Guid(4fd04f2ed997ab24ca56ea018d4ff861) Importer(815301076,1909f56bfc062723c751e8b465ee728b)
Start importing Assets/Textures/Downloaded/TV/gltf_embedded_2.png using Guid(4fd04f2ed997ab24ca56ea018d4ff861) Importer(815301076,1909f56bfc062723c751e8b465ee728b)  -> (artifact id: 'd246a42983dc12e7b687e32e2af46974') in 0.026534 seconds 
========================================================================
Received Import Request.
  Time since last request: 0.000014 seconds.
  path: Assets/Textures/Downloaded/TV/gltf_embedded_15@channels=G.png
  artifactKey: Guid(7c318840f00a1024a8e6c5ee50253c0d) Importer(815301076,1909f56bfc062723c751e8b465ee728b)
Start importing Assets/Textures/Downloaded/TV/gltf_embedded_15@channels=G.png using Guid(7c318840f00a1024a8e6c5ee50253c0d) Importer(815301076,1909f56bfc062723c751e8b465ee728b)  -> (artifact id: 'c3e79620f7774e66188416f5b5255ef4') in 0.013171 seconds 
========================================================================
Received Import Request.
  Time since last request: 0.000016 seconds.
  path: Assets/Textures/Downloaded/TV/gltf_embedded_9@channels=B.png
  artifactKey: Guid(9263ff44e446b4740801cbe42d0e733a) Importer(815301076,1909f56bfc062723c751e8b465ee728b)
Start importing Assets/Textures/Downloaded/TV/gltf_embedded_9@channels=B.png using Guid(9263ff44e446b4740801cbe42d0e733a) Importer(815301076,1909f56bfc062723c751e8b465ee728b)  -> (artifact id: 'f439aae320c9df1428968a2b03966c79') in 0.007589 seconds 
========================================================================
Received Import Request.
  Time since last request: 156.599316 seconds.
  path: Assets/Models/Downloaded/BSN.max
  artifactKey: Guid(686a3fbe17e6e524e8e3491e8557874f) Importer(815301076,1909f56bfc062723c751e8b465ee728b)
Start importing Assets/Models/Downloaded/BSN.max using Guid(686a3fbe17e6e524e8e3491e8557874f) Importer(815301076,1909f56bfc062723c751e8b465ee728b)  -> (artifact id: '162fdcb0c80f0f3e8bcf02c619c0983b') in 0.103635 seconds 
========================================================================
Received Import Request.
  Time since last request: 61.051522 seconds.
  path: Assets/Models/Downloaded/BSN.max
  artifactKey: Guid(686a3fbe17e6e524e8e3491e8557874f) Importer(815301076,1909f56bfc062723c751e8b465ee728b)
Start importing Assets/Models/Downloaded/BSN.max using Guid(686a3fbe17e6e524e8e3491e8557874f) Importer(815301076,1909f56bfc062723c751e8b465ee728b)  -> (artifact id: '2fb7ee61cf729694c30fc7e96b313f4b') in 0.026688 seconds 
========================================================================
Received Import Request.
  Time since last request: 2.121503 seconds.
  path: Assets/Models/Downloaded/Materials
  artifactKey: Guid(61f302018e8211e43b18eb52cafc2bd9) Importer(815301076,1909f56bfc062723c751e8b465ee728b)
Start importing Assets/Models/Downloaded/Materials using Guid(61f302018e8211e43b18eb52cafc2bd9) Importer(815301076,1909f56bfc062723c751e8b465ee728b)  -> (artifact id: 'e7ebe1eb53be049decf661657302a7ed') in 0.001308 seconds 
========================================================================
Received Import Request.
  Time since last request: 0.811658 seconds.
  path: Assets/Models/Downloaded/Materials/02 - Default.mat
  artifactKey: Guid(835bd82e7fc970b498f46d215685b75f) Importer(815301076,1909f56bfc062723c751e8b465ee728b)
Start importing Assets/Models/Downloaded/Materials/02 - Default.mat using Guid(835bd82e7fc970b498f46d215685b75f) Importer(815301076,1909f56bfc062723c751e8b465ee728b)  -> (artifact id: '148b9c6e6910f4f836aaab793a2a40ad') in 0.008542 seconds 
========================================================================
Received Import Request.
  Time since last request: 0.000015 seconds.
  path: Assets/Models/Downloaded/Materials/Material #27.mat
  artifactKey: Guid(3b3e6171724d4eb4893dad04fa709f27) Importer(815301076,1909f56bfc062723c751e8b465ee728b)
Start importing Assets/Models/Downloaded/Materials/Material #27.mat using Guid(3b3e6171724d4eb4893dad04fa709f27) Importer(815301076,1909f56bfc062723c751e8b465ee728b)  -> (artifact id: '8c8171eecd05cbd07442399a13896310') in 0.006811 seconds 
========================================================================
Received Import Request.
  Time since last request: 246.436470 seconds.
  path: Assets/Models/Downloaded/Basin New.fbx
  artifactKey: Guid(58fec254c1ae5cb42abf3d5c3f6dc2a4) Importer(815301076,1909f56bfc062723c751e8b465ee728b)
Start importing Assets/Models/Downloaded/Basin New.fbx using Guid(58fec254c1ae5cb42abf3d5c3f6dc2a4) Importer(815301076,1909f56bfc062723c751e8b465ee728b)  -> (artifact id: '59e26e18c113fdd7b33b5d3af117acbd') in 0.033166 seconds 
========================================================================
Received Import Request.
  Time since last request: 24.383826 seconds.
  path: Assets/Models/Downloaded/Basin New.fbx
  artifactKey: Guid(58fec254c1ae5cb42abf3d5c3f6dc2a4) Importer(815301076,1909f56bfc062723c751e8b465ee728b)
Start importing Assets/Models/Downloaded/Basin New.fbx using Guid(58fec254c1ae5cb42abf3d5c3f6dc2a4) Importer(815301076,1909f56bfc062723c751e8b465ee728b)  -> (artifact id: 'e2720c9812560e08da329ad83b39a465') in 0.081066 seconds 
========================================================================
Received Import Request.
  Time since last request: 0.000014 seconds.
  path: Assets/Models/Downloaded/BasinSmall015.prefab
  artifactKey: Guid(1bbc1149e24503a4eb19a2922f3062d6) Importer(815301076,1909f56bfc062723c751e8b465ee728b)
Start importing Assets/Models/Downloaded/BasinSmall015.prefab using Guid(1bbc1149e24503a4eb19a2922f3062d6) Importer(815301076,1909f56bfc062723c751e8b465ee728b)  -> (artifact id: '4adf88767ed2c224a77d344f4ffaa963') in 0.013031 seconds 
========================================================================
Received Import Request.
  Time since last request: 2.493765 seconds.
  path: Assets/Models/Downloaded/Textures
  artifactKey: Guid(0e53862b02415df45a9a824a17070815) Importer(815301076,1909f56bfc062723c751e8b465ee728b)
Start importing Assets/Models/Downloaded/Textures using Guid(0e53862b02415df45a9a824a17070815) Importer(815301076,1909f56bfc062723c751e8b465ee728b)  -> (artifact id: '330cc204b1e3ffbab3f0528efbae4ed0') in 0.001056 seconds 
========================================================================
Received Import Request.
  Time since last request: 0.041725 seconds.
  path: Assets/Models/Downloaded/Textures/BSN_btm.JPG
  artifactKey: Guid(9bf5cb2531f0c3c4f8637ac2c1d619da) Importer(815301076,1909f56bfc062723c751e8b465ee728b)
Start importing Assets/Models/Downloaded/Textures/BSN_btm.JPG using Guid(9bf5cb2531f0c3c4f8637ac2c1d619da) Importer(815301076,1909f56bfc062723c751e8b465ee728b)  -> (artifact id: '5ec25b9b02461bd9b21d1567f6add98a') in 0.014521 seconds 
========================================================================
Received Import Request.
  Time since last request: 6.666203 seconds.
  path: Assets/Models/Downloaded/Basin New.fbx
  artifactKey: Guid(58fec254c1ae5cb42abf3d5c3f6dc2a4) Importer(815301076,1909f56bfc062723c751e8b465ee728b)
Start importing Assets/Models/Downloaded/Basin New.fbx using Guid(58fec254c1ae5cb42abf3d5c3f6dc2a4) Importer(815301076,1909f56bfc062723c751e8b465ee728b)  -> (artifact id: 'd47f873b83d3e9b7406c82c3ccd2236e') in 0.045016 seconds 
========================================================================
Received Import Request.
  Time since last request: 1.481185 seconds.
  path: Assets/Models/Downloaded/Materials/Material #26 1.mat
  artifactKey: Guid(0fcd137370b227b419f677ef97b8d52b) Importer(815301076,1909f56bfc062723c751e8b465ee728b)
Start importing Assets/Models/Downloaded/Materials/Material #26 1.mat using Guid(0fcd137370b227b419f677ef97b8d52b) Importer(815301076,1909f56bfc062723c751e8b465ee728b)  -> (artifact id: '6f4ad12f36e2f3255cb350e07bb064c3') in 0.009048 seconds 
